iMPACT Version: 14.2

iMPACT log file Started on Sun Oct 21 23:35:13 2012

Welcome to iMPACT
iMPACT Version: 14.2
// *** BATCH CMD : setMode -bs
GUI --- Auto connect to cable...
// *** BATCH CMD : setCable -port auto
INFO:iMPACT - Digilent Plugin: Plugin Version: 2.2.10
INFO:iMPACT - Digilent Plugin: no JTAG device was found.
AutoDetecting cable. Please wait.
PROGRESS_START - Starting Operation.
Connecting to cable (Usb Port - USB21).
Checking cable driver.
 Driver file xusbdfwu.sys found.
 Driver version: src=1027, dest=1027.
 Driver windrvr6.sys version = 10.2.1.0. WinDriver v10.21 Jungo (c) 1997 - 2010 Build Date: Aug 31 2010 X86 32bit SYS14:35:41, version = 1021.
 Cable PID = 0008.
 Max current requested during enumeration is 280 mA.
Type = 0x0605.
 Cable Type = 3, Revision = 0.
 Setting cable speed to 6 MHz.
Cable connection established.
Firmware version = 1027.
File version of C:/Xilinx/14.2/ISE_DS/ISE/data/xusbdfwu.hex = 1100.
Firmware hex file version = 1100.
Downloading C:/Xilinx/14.2/ISE_DS/ISE/data/xusbdfwu.hex.
Downloaded firmware version = 1100.
PLD file version = 0012h.
 PLD version = 0012h.
PROGRESS_END - End Operation.
Elapsed time =      1 sec.
Type = 0x0605.
ESN not available for this cable.
Attempting to identify devices in the boundary-scan chain configuration...
INFO:iMPACT - Current time: 21.10.2012 23:35:40
// *** BATCH CMD : Identify 
PROGRESS_START - Starting Operation.
Identifying chain contents...'0': : Manufacturer's ID = Xilinx xc5vlx20t, Version : 1
INFO:iMPACT:1777 - 
   Reading C:/Xilinx/14.2/ISE_DS/ISE/virtex5/data/xc5vlx20t.bsd...
INFO:iMPACT:501 - '1': Added Device xc5vlx20t successfully.
----------------------------------------------------------------------
done.
PROGRESS_END - End Operation.
Elapsed time =      0 sec.
// *** BATCH CMD : identifyMPM 
INFO:iMPACT - File   Y:/work/omega/dragon/current/dragon_firmware/2012-10-06_20-54-56.128492.cfi   does not exist.
Selected part: M25P16
// *** BATCH CMD : attachflash -position 1 -spi "M25P16"
Unprotect sectors: FALSE
// *** BATCH CMD : assignfiletoattachedflash -position 1 -file"Y:/work/omega/dragon/current/dragon_firmware/2012-10-06_20-54-56.128492.mcs"
INFO:iMPACT - A CFI file is not detected. To ensure correct and safe   configuration,
    Please make sure a CFI file is present in the same directory as the PROM   file,
    or, regenerate the PROM file with the latest software.
INFO:iMPACT - Current time: 21.10.2012 23:36:14
// *** BATCH CMD : Program -p 1 -dataWidth 1 -spionly -e -v -loadfpga 
Maximum TCK operating frequency for this device chain: 33000000.
Validating chain...
Boundary-scan chain validated successfully.
PROGRESS_START - Starting Operation.
1: Device Temperature: Current Reading: -273.00 C
1: VCCINT Supply: Current Reading:   0.000 V
1: VCCAUX Supply: Current Reading:   0.000 V
'1': SPI access core not detected. SPI access core will be downloaded to thedevice to enable operations.
INFO:iMPACT - Downloading core file   C:/Xilinx/14.2/ISE_DS/ISE/virtex5/data/xc5vlx20t_spi.cor.
'1': Downloading core...
 Match_cycle = 0.
 LCK_cycle = NoWait.
LCK cycle: NoWait
done.
INFO:iMPACT:2219 - Status register values:
INFO:iMPACT - 0011 1111 1001 1110 0000 1011 1000 0000 
INFO:iMPACT:2492 - '1': Completed downloading core to device.
'1': IDCODE is '202014' (in hex).
'1': ID Check failed.
INFO:iMPACT:2488 - The operation did not complete successfully.
INFO:iMPACT - SPI Device not found.
INFO:iMPACT:2488 - The operation did not complete successfully.
INFO:iMPACT - '1': Flash was not programmed successfully.
PROGRESS_END - End Operation.
Elapsed time =      2 sec.
Setting Target Device to Mode:BS, Device position 0.
INFO:iMPACT - File   Y:/work/omega/dragon/current/dragon_firmware/2012-10-06_20-54-56.128492.cfi   does not exist.
Selected part: M25P80
// *** BATCH CMD : attachflash -position 1 -spi "M25P80"
Unprotect sectors: FALSE
// *** BATCH CMD : assignfiletoattachedflash -position 1 -file"Y:/work/omega/dragon/current/dragon_firmware/2012-10-06_20-54-56.128492.mcs"
INFO:iMPACT - A CFI file is not detected. To ensure correct and safe   configuration,
    Please make sure a CFI file is present in the same directory as the PROM   file,
    or, regenerate the PROM file with the latest software.
INFO:iMPACT - Current time: 21.10.2012 23:37:01
// *** BATCH CMD : Program -p 1 -dataWidth 1 -spionly -e -v -loadfpga 
Maximum TCK operating frequency for this device chain: 33000000.
Validating chain...
Boundary-scan chain validated successfully.
PROGRESS_START - Starting Operation.
1: Device Temperature: Current Reading: -273.00 C
1: VCCINT Supply: Current Reading:   0.000 V
1: VCCAUX Supply: Current Reading:   0.000 V
'1': IDCODE is '13' (in hex).
'1': ID Check passed.
'1': IDCODE is '13' (in hex).
'1': ID Check passed.
'1': Erasing Device.
'1': Using Sector Erase.
'1': Programming Flash.
'1': Reading device contents...
Failed at address, 0
'1': Verification Terminated
INFO:iMPACT - '1': Flash was not programmed successfully.
PROGRESS_END - End Operation.
Elapsed time =     32 sec.
INFO:iMPACT - Current time: 21.10.2012 23:38:44
// *** BATCH CMD : Program -p 1 -dataWidth 1 -spionly -e -v -loadfpga 
PROGRESS_START - Starting Operation.
Maximum TCK operating frequency for this device chain: 33000000.
Validating chain...
Boundary-scan chain validated successfully.
1: Device Temperature: Current Reading: -273.00 C
1: VCCINT Supply: Current Reading:   0.000 V
1: VCCAUX Supply: Current Reading:   0.000 V
'1': SPI access core not detected. SPI access core will be downloaded to thedevice to enable operations.
INFO:iMPACT - Downloading core file   C:/Xilinx/14.2/ISE_DS/ISE/virtex5/data/xc5vlx20t_spi.cor.
'1': Downloading core...
 Match_cycle = 0.
 LCK_cycle = NoWait.
LCK cycle: NoWait
done.
INFO:iMPACT:2219 - Status register values:
INFO:iMPACT - 0011 1111 1001 1110 0000 1011 1000 0000 
INFO:iMPACT:2492 - '1': Completed downloading core to device.
'1': IDCODE is '13' (in hex).
'1': ID Check passed.
'1': IDCODE is '13' (in hex).
'1': ID Check passed.
'1': Erasing Device.
'1': Using Sector Erase.
'1': Programming Flash.
'1': Reading device contents...
Failed at address, 0
'1': Verification Terminated
INFO:iMPACT - '1': Flash was not programmed successfully.
PROGRESS_END - End Operation.
Elapsed time =     38 sec.
INFO:iMPACT - Current time: 21.10.2012 23:39:24
// *** BATCH CMD : Program -p 1 -dataWidth 1 -spionly -e -v -loadfpga 
Maximum TCK operating frequency for this device chain: 33000000.
Validating chain...
Boundary-scan chain validated successfully.
PROGRESS_START - Starting Operation.
1: Device Temperature: Current Reading: -273.00 C
1: VCCINT Supply: Current Reading:   0.000 V
1: VCCAUX Supply: Current Reading:   0.000 V
'1': IDCODE is '13' (in hex).
'1': ID Check passed.
'1': IDCODE is '13' (in hex).
'1': ID Check passed.
'1': Erasing Device.
'1': Using Sector Erase.
'1': Programming Flash.
'1': Reading device contents...
Failed at address, 0
'1': Verification Terminated
INFO:iMPACT - '1': Flash was not programmed successfully.
PROGRESS_END - End Operation.
Elapsed time =     32 sec.
INFO:iMPACT - Current time: 21.10.2012 23:41:07
// *** BATCH CMD : Checksum -p 1 -spionly 
PROGRESS_START - Starting Operation.
Maximum TCK operating frequency for this device chain: 33000000.
Validating chain...
Boundary-scan chain validated successfully.
1: Device Temperature: Current Reading: -273.00 C
1: VCCINT Supply: Current Reading:   0.000 V
1: VCCAUX Supply: Current Reading:   0.000 V
'1': IDCODE is '13' (in hex).
'1': ID Check passed.
'1': IDCODE is '13' (in hex).
'1': ID Check passed.
'1': Reading device contents...
done.
All Checksum calculations are performed on the address range spanned by theconfiguration file.
ERROR:iMPACT:223 - '1': The calculated checksum (0x00f50a00) differs from the   expected checksum (0x00085e57).
PROGRESS_END - End Operation.
Elapsed time =      5 sec.
Setting Target Device to Mode:BS, Device position 0.
INFO:iMPACT - Current time: 21.10.2012 23:41:39
// *** BATCH CMD : Erase -p 1 -spionly 
Maximum TCK operating frequency for this device chain: 33000000.
Validating chain...
Boundary-scan chain validated successfully.
PROGRESS_START - Starting Operation.
1: Device Temperature: Current Reading: -273.00 C
1: VCCINT Supply: Current Reading:   0.000 V
1: VCCAUX Supply: Current Reading:   0.000 V
'1': IDCODE is '13' (in hex).
'1': ID Check passed.
'1': IDCODE is '13' (in hex).
'1': ID Check passed.
'1': IDCODE is '13' (in hex).
'1': ID Check passed.
'1': Erasing Device.
'1': Using Sector Erase.
PROGRESS_END - End Operation.
Elapsed time =     10 sec.
INFO:iMPACT - Current time: 21.10.2012 23:41:52
// *** BATCH CMD : BlankCheck -p 1 -spionly 
PROGRESS_START - Starting Operation.
Maximum TCK operating frequency for this device chain: 33000000.
Validating chain...
Boundary-scan chain validated successfully.
1: Device Temperature: Current Reading: -273.00 C
1: VCCINT Supply: Current Reading:   0.000 V
1: VCCAUX Supply: Current Reading:   0.000 V
'1': IDCODE is '13' (in hex).
'1': ID Check passed.
'1': IDCODE is '13' (in hex).
'1': ID Check passed.
'1': Performing blank check on device...
'1': Part is blank.
PROGRESS_END - End Operation.
Elapsed time =     50 sec.
INFO:iMPACT - Current time: 21.10.2012 23:44:48
// *** BATCH CMD : Program -p 1 -dataWidth 1 -spionly -e -v -loadfpga 
PROGRESS_START - Starting Operation.
Maximum TCK operating frequency for this device chain: 33000000.
Validating chain...
Boundary-scan chain validated successfully.
1: Device Temperature: Current Reading: -273.00 C
1: VCCINT Supply: Current Reading:   0.000 V
1: VCCAUX Supply: Current Reading:   0.000 V
'1': IDCODE is '13' (in hex).
'1': ID Check passed.
'1': IDCODE is '13' (in hex).
'1': ID Check passed.
'1': Erasing Device.
'1': Using Sector Erase.
'1': Programming Flash.
'1': Reading device contents...
Failed at address, 0
'1': Verification Terminated
INFO:iMPACT - '1': Flash was not programmed successfully.
PROGRESS_END - End Operation.
Elapsed time =     32 sec.
INFO:iMPACT - Current time: 21.10.2012 23:45:44
// *** BATCH CMD : ReadbackToFile -p 1 -file"//psf/Home/work/omega/dragon/current/dragon_firmware/xxxxx.mcs" -spionly 
Maximum TCK operating frequency for this device chain: 33000000.
Validating chain...
Boundary-scan chain validated successfully.
PROGRESS_START - Starting Operation.
1: Device Temperature: Current Reading: -273.00 C
1: VCCINT Supply: Current Reading:   0.000 V
1: VCCAUX Supply: Current Reading:   0.000 V
'1': IDCODE is '13' (in hex).
'1': ID Check passed.
'1': IDCODE is '13' (in hex).
'1': ID Check passed.
'1': Performing readback on device...
'1': Readback completed successfully.
PROGRESS_END - End Operation.
Elapsed time =     68 sec.
INFO:iMPACT - Current time: 21.10.2012 23:47:45
// *** BATCH CMD : ReadStatusRegister -p 1 
Maximum TCK operating frequency for this device chain: 33000000.
Validating chain...
Boundary-scan chain validated successfully.
1: Device Temperature: Current Reading: -273.00 C
1: VCCINT Supply: Current Reading:   0.000 V
1: VCCAUX Supply: Current Reading:   0.000 V
'1': Reading status register contents...
CRC error                                                                  :        0
Decryptor security set                                                     :        0
DCM locked                                                                 :        1
DCI matched                                                                :        1
End of startup signal from Startup block                                   :        1
status of GTS_CFG_B                                                        :        1
status of GWE                                                              :        1
status of GHIGH                                                            :        1
value of MODE pin M0                                                       :        1
value of MODE pin M1                                                       :        0
Value of MODE pin M2                                                       :        0
Internal signal indicates when housecleaning is completed                  :        1
Value driver in from INIT pad                                              :        1
Internal signal indicates that chip is configured                          :        1
Value of DONE pin                                                          :        1
Indicates when ID value written does not match chip ID                     :        0
Decryptor error Signal                                                     :        0
System Monitor Over-Temperature Alarm                                      :        0
startup_state[18] CFG startup state machine                                :        0
startup_state[19] CFG startup state machine                                :        0
startup_state[20] CFG startup state machine                                :        1
E-fuse program voltage available                                           :        0
SPI Flash Type[22] Select                                                  :        1
SPI Flash Type[23] Select                                                  :        1
SPI Flash Type[24] Select                                                  :        1
CFG bus width auto detection result                                        :        0
Reserved                                                                   :        0
BPI address wrap around error                                              :        0
IPROG pulsed                                                               :        0
read back crc error                                                        :        0
Indicates that efuse logic is busy                                         :        0
INFO:iMPACT - Current time: 21.10.2012 23:47:56
// *** BATCH CMD : ReadUsercode -p 1 
Maximum TCK operating frequency for this device chain: 33000000.
Validating chain...
Boundary-scan chain validated successfully.
1: Device Temperature: Current Reading: -273.00 C
1: VCCINT Supply: Current Reading:   0.000 V
1: VCCAUX Supply: Current Reading:   0.000 V
'1': Usercode is 'ffffffff'
INFO:iMPACT - Current time: 21.10.2012 23:48:00
// *** BATCH CMD : ReadIdcode -p 1 
Maximum TCK operating frequency for this device chain: 33000000.
Validating chain...
Boundary-scan chain validated successfully.
1: Device Temperature: Current Reading: -273.00 C
1: VCCINT Supply: Current Reading:   0.000 V
1: VCCAUX Supply: Current Reading:   0.000 V
'1': IDCODE is '00010010101001010110000010010011'
'1': IDCODE is '12a56093' (in hex).
'1': : Manufacturer's ID = Xilinx xc5vlx20t, Version : 1
INFO:iMPACT - Current time: 21.10.2012 23:48:52
// *** BATCH CMD : Program -p 1 -dataWidth 1 -spionly -v -loadfpga 
PROGRESS_START - Starting Operation.
Maximum TCK operating frequency for this device chain: 33000000.
Validating chain...
Boundary-scan chain validated successfully.
1: Device Temperature: Current Reading: -273.00 C
1: VCCINT Supply: Current Reading:   0.000 V
1: VCCAUX Supply: Current Reading:   0.000 V
'1': IDCODE is '13' (in hex).
'1': ID Check passed.
'1': IDCODE is '13' (in hex).
'1': ID Check passed.
'1': Programming Flash.
'1': Reading device contents...
Failed at address, 0
'1': Verification Terminated
INFO:iMPACT - '1': Flash was not programmed successfully.
PROGRESS_END - End Operation.
Elapsed time =     22 sec.
INFO:iMPACT - Current time: 21.10.2012 23:49:48
// *** BATCH CMD : Erase -p 1 -spionly 
PROGRESS_START - Starting Operation.
Maximum TCK operating frequency for this device chain: 33000000.
Validating chain...
Boundary-scan chain validated successfully.
1: Device Temperature: Current Reading: -273.00 C
1: VCCINT Supply: Current Reading:   0.000 V
1: VCCAUX Supply: Current Reading:   0.000 V
'1': IDCODE is '13' (in hex).
'1': ID Check passed.
'1': IDCODE is '13' (in hex).
'1': ID Check passed.
'1': IDCODE is '13' (in hex).
'1': ID Check passed.
'1': Erasing Device.
'1': Using Sector Erase.
PROGRESS_END - End Operation.
Elapsed time =     10 sec.
INFO:iMPACT - Current time: 21.10.2012 23:51:06
// *** BATCH CMD : Program -p 1 -dataWidth 1 -spionly -v -loadfpga 
PROGRESS_START - Starting Operation.
Maximum TCK operating frequency for this device chain: 33000000.
Validating chain...
Boundary-scan chain validated successfully.
1: Device Temperature: Current Reading: -273.00 C
1: VCCINT Supply: Current Reading:   0.000 V
1: VCCAUX Supply: Current Reading:   0.000 V
'1': SPI access core not detected. SPI access core will be downloaded to thedevice to enable operations.
INFO:iMPACT - Downloading core file   C:/Xilinx/14.2/ISE_DS/ISE/virtex5/data/xc5vlx20t_spi.cor.
'1': Downloading core...
 Match_cycle = 0.
 LCK_cycle = NoWait.
LCK cycle: NoWait
done.
INFO:iMPACT:2219 - Status register values:
INFO:iMPACT - 0011 1111 1001 1110 0000 1010 1000 0000 
INFO:iMPACT:2492 - '1': Completed downloading core to device.
'1': IDCODE is '13' (in hex).
'1': ID Check passed.
'1': IDCODE is '13' (in hex).
'1': ID Check passed.
'1': Programming Flash.
'1': Reading device contents...
Failed at address, 0
'1': Verification Terminated
INFO:iMPACT - '1': Flash was not programmed successfully.
PROGRESS_END - End Operation.
Elapsed time =     24 sec.
Enumerating cables. Please wait.
PROGRESS_START - Starting Operation.
Connecting to cable (Usb Port - USB21).
Checking cable driver.
 Driver file xusbdfwu.sys found.
 Driver version: src=1027, dest=1027.
 Driver windrvr6.sys version = 10.2.1.0. WinDriver v10.21 Jungo (c) 1997 - 2010 Build Date: Aug 31 2010 X86 32bit SYS14:35:41, version = 1021.
ESN not available for this cable.
=======================================================
Found cable - > ESN not available for this cable.
No ESN.
=======================================================
Connecting to cable (Usb Port - USB22).
Checking cable driver.
 Driver file xusbdfwu.sys found.
 Driver version: src=1027, dest=1027.
 Driver windrvr6.sys version = 10.2.1.0. WinDriver v10.21 Jungo (c) 1997 - 2010 Build Date: Aug 31 2010 X86 32bit SYS14:35:41, version = 1021.
PROGRESS_END - End Operation.
Elapsed time =      3 sec.
INFO:iMPACT - Digilent Plugin: Plugin Version: 2.2.10
INFO:iMPACT - Digilent Plugin: no JTAG device was found.
Enumerating cables. Please wait.
PROGRESS_START - Starting Operation.
Connecting to cable (Usb Port - USB21).
Checking cable driver.
 Driver file xusbdfwu.sys found.
 Driver version: src=1027, dest=1027.
 Driver windrvr6.sys version = 10.2.1.0. WinDriver v10.21 Jungo (c) 1997 - 2010 Build Date: Aug 31 2010 X86 32bit SYS14:35:41, version = 1021.
ESN not available for this cable.
=======================================================
Found cable - > ESN not available for this cable.
No ESN.
=======================================================
Connecting to cable (Usb Port - USB22).
Checking cable driver.
 Driver file xusbdfwu.sys found.
 Driver version: src=1027, dest=1027.
 Driver windrvr6.sys version = 10.2.1.0. WinDriver v10.21 Jungo (c) 1997 - 2010 Build Date: Aug 31 2010 X86 32bit SYS14:35:41, version = 1021.
PROGRESS_END - End Operation.
Elapsed time =      3 sec.
CDB file not found.
Connecting to cable (Usb Port - USB21).
Checking cable driver.
 Driver file xusbdfwu.sys found.
 Driver version: src=1027, dest=1027.
 Driver windrvr6.sys version = 10.2.1.0. WinDriver v10.21 Jungo (c) 1997 - 2010 Build Date: Aug 31 2010 X86 32bit SYS14:35:41, version = 1021.
ESN not available for this cable.
Connecting to cable (Usb Port - USB21).
Checking cable driver.
 Driver file xusbdfwu.sys found.
 Driver version: src=1027, dest=1027.
 Driver windrvr6.sys version = 10.2.1.0. WinDriver v10.21 Jungo (c) 1997 - 2010 Build Date: Aug 31 2010 X86 32bit SYS14:35:41, version = 1021.
ESN not available for this cable.
Enumerating cables. Please wait.
ERROR:iMPACT - This function requires that a target is opened first.
PROGRESS_START - Starting Operation.
Connecting to cable (Usb Port - USB21).
Checking cable driver.
 Driver file xusbdfwu.sys found.
 Driver version: src=1027, dest=1027.
 Driver windrvr6.sys version = 10.2.1.0. WinDriver v10.21 Jungo (c) 1997 - 2010 Build Date: Aug 31 2010 X86 32bit SYS14:35:41, version = 1021.
ESN not available for this cable.
=======================================================
Found cable - > ESN not available for this cable.
No ESN.
=======================================================
Connecting to cable (Usb Port - USB22).
Checking cable driver.
 Driver file xusbdfwu.sys found.
 Driver version: src=1027, dest=1027.
 Driver windrvr6.sys version = 10.2.1.0. WinDriver v10.21 Jungo (c) 1997 - 2010 Build Date: Aug 31 2010 X86 32bit SYS14:35:41, version = 1021.
PROGRESS_END - End Operation.
Elapsed time =      4 sec.
CDB file not found.
// *** BATCH CMD : setCable -port usb21 -baud 1500000
Connecting to cable (Usb Port - USB21).
Checking cable driver.
 Driver file xusbdfwu.sys found.
 Driver version: src=1027, dest=1027.
 Driver windrvr6.sys version = 10.2.1.0. WinDriver v10.21 Jungo (c) 1997 - 2010 Build Date: Aug 31 2010 X86 32bit SYS14:35:41, version = 1021.
 Cable PID = 0008.
 Max current requested during enumeration is 280 mA.
Type = 0x0605.
 Cable Type = 3, Revision = 0.
 Setting cable speed to 1.5 MHz.
Cable connection established.
Firmware version = 1100.
File version of C:/Xilinx/14.2/ISE_DS/ISE/data/xusbdfwu.hex = 1100.
Firmware hex file version = 1100.
PLD file version = 0012h.
 PLD version = 0012h.
Type = 0x0605.
ESN not available for this cable.
INFO:iMPACT - Current time: 21.10.2012 23:52:25
// *** BATCH CMD : Program -p 1 -dataWidth 1 -spionly -v -loadfpga 
Maximum TCK operating frequency for this device chain: 33000000.
Validating chain...
Boundary-scan chain validated successfully.
PROGRESS_START - Starting Operation.
1: Device Temperature: Current Reading: -273.00 C
1: VCCINT Supply: Current Reading:   0.000 V
1: VCCAUX Supply: Current Reading:   0.000 V
'1': IDCODE is '13' (in hex).
'1': ID Check passed.
'1': IDCODE is '13' (in hex).
'1': ID Check passed.
'1': Programming Flash.
'1': Reading device contents...
Failed at address, 0
'1': Verification Terminated
INFO:iMPACT - '1': Flash was not programmed successfully.
PROGRESS_END - End Operation.
Elapsed time =     36 sec.
Enumerating cables. Please wait.
PROGRESS_START - Starting Operation.
Connecting to cable (Usb Port - USB21).
Checking cable driver.
 Driver file xusbdfwu.sys found.
 Driver version: src=1027, dest=1027.
 Driver windrvr6.sys version = 10.2.1.0. WinDriver v10.21 Jungo (c) 1997 - 2010 Build Date: Aug 31 2010 X86 32bit SYS14:35:41, version = 1021.
ESN not available for this cable.
=======================================================
Found cable - > ESN not available for this cable.
No ESN.
=======================================================
Connecting to cable (Usb Port - USB22).
Checking cable driver.
 Driver file xusbdfwu.sys found.
 Driver version: src=1027, dest=1027.
 Driver windrvr6.sys version = 10.2.1.0. WinDriver v10.21 Jungo (c) 1997 - 2010 Build Date: Aug 31 2010 X86 32bit SYS14:35:41, version = 1021.
PROGRESS_END - End Operation.
Elapsed time =      4 sec.
INFO:iMPACT - Digilent Plugin: Plugin Version: 2.2.10
INFO:iMPACT - Digilent Plugin: no JTAG device was found.
// *** BATCH CMD : setCable -port usb21 -baud 750000
Connecting to cable (Usb Port - USB21).
Checking cable driver.
 Driver file xusbdfwu.sys found.
 Driver version: src=1027, dest=1027.
 Driver windrvr6.sys version = 10.2.1.0. WinDriver v10.21 Jungo (c) 1997 - 2010 Build Date: Aug 31 2010 X86 32bit SYS14:35:41, version = 1021.
 Cable PID = 0008.
 Max current requested during enumeration is 280 mA.
Type = 0x0605.
 Cable Type = 3, Revision = 0.
 Setting cable speed to 750 KHz.
Cable connection established.
Firmware version = 1100.
File version of C:/Xilinx/14.2/ISE_DS/ISE/data/xusbdfwu.hex = 1100.
Firmware hex file version = 1100.
PLD file version = 0012h.
 PLD version = 0012h.
Type = 0x0605.
ESN not available for this cable.
INFO:iMPACT - Current time: 21.10.2012 23:53:38
// *** BATCH CMD : Program -p 1 -dataWidth 1 -spionly -v -loadfpga 
Maximum TCK operating frequency for this device chain: 33000000.
Validating chain...
Boundary-scan chain validated successfully.
PROGRESS_START - Starting Operation.
1: Device Temperature: Current Reading: -273.00 C
1: VCCINT Supply: Current Reading:   0.000 V
1: VCCAUX Supply: Current Reading:   0.000 V
'1': SPI access core not detected. SPI access core will be downloaded to thedevice to enable operations.
INFO:iMPACT - Downloading core file   C:/Xilinx/14.2/ISE_DS/ISE/virtex5/data/xc5vlx20t_spi.cor.
'1': Downloading core...
 Match_cycle = 0.
 LCK_cycle = NoWait.
LCK cycle: NoWait
done.
INFO:iMPACT:2219 - Status register values:
INFO:iMPACT - 0011 1111 1001 1110 0000 1011 1000 0000 
INFO:iMPACT:2492 - '1': Completed downloading core to device.
'1': IDCODE is '13' (in hex).
'1': ID Check passed.
'1': IDCODE is '13' (in hex).
'1': ID Check passed.
'1': Programming Flash.
'1': Reading device contents...
Failed at address, 0
'1': Verification Terminated
INFO:iMPACT - '1': Flash was not programmed successfully.
PROGRESS_END - End Operation.
Elapsed time =     64 sec.
INFO:iMPACT - Current time: 21.10.2012 23:54:49
// *** BATCH CMD : Erase -p 1 -spionly 
Maximum TCK operating frequency for this device chain: 33000000.
Validating chain...
Boundary-scan chain validated successfully.
PROGRESS_START - Starting Operation.
1: Device Temperature: Current Reading: -273.00 C
1: VCCINT Supply: Current Reading:   0.000 V
1: VCCAUX Supply: Current Reading:   0.000 V
'1': IDCODE is '13' (in hex).
'1': ID Check passed.
'1': IDCODE is '13' (in hex).
'1': ID Check passed.
'1': IDCODE is '13' (in hex).
'1': ID Check passed.
'1': Erasing Device.
'1': Using Sector Erase.
PROGRESS_END - End Operation.
Elapsed time =     10 sec.
INFO:iMPACT - Current time: 21.10.2012 23:55:34
// *** BATCH CMD : Program -p 1 -dataWidth 1 -spionly -v -loadfpga 
PROGRESS_START - Starting Operation.
Maximum TCK operating frequency for this device chain: 33000000.
Validating chain...
Boundary-scan chain validated successfully.
1: Device Temperature: Current Reading: -273.00 C
1: VCCINT Supply: Current Reading:   0.000 V
1: VCCAUX Supply: Current Reading:   0.000 V
'1': IDCODE is '13' (in hex).
'1': ID Check passed.
'1': IDCODE is '13' (in hex).
'1': ID Check passed.
'1': Programming Flash.
'1': Reading device contents...
Failed at address, 0
'1': Verification Terminated
INFO:iMPACT - '1': Flash was not programmed successfully.
PROGRESS_END - End Operation.
Elapsed time =     52 sec.
INFO:iMPACT - Current time: 21.10.2012 23:57:16
// *** BATCH CMD : Program -p 1 -dataWidth 1 -spionly -e -v -loadfpga 
PROGRESS_START - Starting Operation.
Maximum TCK operating frequency for this device chain: 33000000.
Validating chain...
Boundary-scan chain validated successfully.
1: Device Temperature: Current Reading: -273.00 C
1: VCCINT Supply: Current Reading:   0.000 V
1: VCCAUX Supply: Current Reading:   0.000 V
'1': IDCODE is '13' (in hex).
'1': ID Check passed.
'1': IDCODE is '13' (in hex).
'1': ID Check passed.
'1': Erasing Device.
'1': Using Sector Erase.
'1': Programming Flash.
'1': Reading device contents...
Failed at address, 0
'1': Verification Terminated
INFO:iMPACT - '1': Flash was not programmed successfully.
PROGRESS_END - End Operation.
Elapsed time =     62 sec.
Enumerating cables. Please wait.
PROGRESS_START - Starting Operation.
Connecting to cable (Usb Port - USB21).
Checking cable driver.
 Driver file xusbdfwu.sys found.
 Driver version: src=1027, dest=1027.
 Driver windrvr6.sys version = 10.2.1.0. WinDriver v10.21 Jungo (c) 1997 - 2010 Build Date: Aug 31 2010 X86 32bit SYS14:35:41, version = 1021.
ESN not available for this cable.
=======================================================
Found cable - > ESN not available for this cable.
No ESN.
=======================================================
Connecting to cable (Usb Port - USB22).
Checking cable driver.
 Driver file xusbdfwu.sys found.
 Driver version: src=1027, dest=1027.
 Driver windrvr6.sys version = 10.2.1.0. WinDriver v10.21 Jungo (c) 1997 - 2010 Build Date: Aug 31 2010 X86 32bit SYS14:35:41, version = 1021.
PROGRESS_END - End Operation.
Elapsed time =      4 sec.
INFO:iMPACT - Digilent Plugin: Plugin Version: 2.2.10
INFO:iMPACT - Digilent Plugin: no JTAG device was found.
// *** BATCH CMD : setCable -port usb21 -baud 750000
Connecting to cable (Usb Port - USB21).
Checking cable driver.
 Driver file xusbdfwu.sys found.
 Driver version: src=1027, dest=1027.
 Driver windrvr6.sys version = 10.2.1.0. WinDriver v10.21 Jungo (c) 1997 - 2010 Build Date: Aug 31 2010 X86 32bit SYS14:35:41, version = 1021.
 Cable PID = 0008.
 Max current requested during enumeration is 280 mA.
Type = 0x0605.
 Cable Type = 3, Revision = 0.
 Setting cable speed to 750 KHz.
Cable connection established.
Firmware version = 1100.
File version of C:/Xilinx/14.2/ISE_DS/ISE/data/xusbdfwu.hex = 1100.
Firmware hex file version = 1100.
PLD file version = 0012h.
 PLD version = 0012h.
Type = 0x0605.
ESN not available for this cable.
WARNING:iMPACT - This operation will interfere with the operation of other   applications that are using the download cables. Make certain that all other   cable-related applications are shut down or their cable connections are   closed.
Releasing all cable semaphores. Please wait.
Done.
Releasing all cable semaphores. Please wait.
Done.
// *** BATCH CMD : setCable -port usb21 -baud 750000
Enumerating cables. Please wait.
Connecting to cable (Usb Port - USB21).
Checking cable driver.
 Driver file xusbdfwu.sys found.
 Driver version: src=1027, dest=1027.
 Driver windrvr6.sys version = 10.2.1.0. WinDriver v10.21 Jungo (c) 1997 - 2010 Build Date: Aug 31 2010 X86 32bit SYS14:35:41, version = 1021.
=======================================================
Found cable - > ESN not available for this cable.
No ESN.
=======================================================
Connecting to cable (Usb Port - USB22).
Checking cable driver.
 Driver file xusbdfwu.sys found.
 Driver version: src=1027, dest=1027.
 Driver windrvr6.sys version = 10.2.1.0. WinDriver v10.21 Jungo (c) 1997 - 2010 Build Date: Aug 31 2010 X86 32bit SYS14:35:41, version = 1021.
ERROR:iMPACT - Cable not found, ESN: 00000000000000
GUI --- Auto connect to cable...
// *** BATCH CMD : setCable -port auto
INFO:iMPACT - Digilent Plugin: Plugin Version: 2.2.10
INFO:iMPACT - Digilent Plugin: no JTAG device was found.
AutoDetecting cable. Please wait.
PROGRESS_START - Starting Operation.
Connecting to cable (Usb Port - USB21).
Checking cable driver.
 Driver file xusbdfwu.sys found.
 Driver version: src=1027, dest=1027.
 Driver windrvr6.sys version = 10.2.1.0. WinDriver v10.21 Jungo (c) 1997 - 2010 Build Date: Aug 31 2010 X86 32bit SYS14:35:41, version = 1021.
 Cable PID = 0008.
 Max current requested during enumeration is 280 mA.
Type = 0x0605.
 Cable Type = 3, Revision = 0.
 Setting cable speed to 6 MHz.
Cable connection established.
Firmware version = 1027.
File version of C:/Xilinx/14.2/ISE_DS/ISE/data/xusbdfwu.hex = 1100.
Firmware hex file version = 1100.
Downloading C:/Xilinx/14.2/ISE_DS/ISE/data/xusbdfwu.hex.
Downloaded firmware version = 1100.
PLD file version = 0012h.
 PLD version = 0012h.
PROGRESS_END - End Operation.
Elapsed time =      0 sec.
Type = 0x0605.
ESN not available for this cable.
INFO:iMPACT - Current time: 22.10.2012 0:13:01
// *** BATCH CMD : Program -p 1 -dataWidth 1 -spionly -e -v -loadfpga 
Maximum TCK operating frequency for this device chain: 33000000.
Validating chain...
Boundary-scan chain validated successfully.
PROGRESS_START - Starting Operation.
1: Device Temperature: Current Reading: -273.00 C
1: VCCINT Supply: Current Reading:   0.000 V
1: VCCAUX Supply: Current Reading:   0.000 V
'1': SPI access core not detected. SPI access core will be downloaded to thedevice to enable operations.
INFO:iMPACT - Downloading core file   C:/Xilinx/14.2/ISE_DS/ISE/virtex5/data/xc5vlx20t_spi.cor.
'1': Downloading core...
 Match_cycle = 0.
 LCK_cycle = NoWait.
LCK cycle: NoWait
done.
INFO:iMPACT:2219 - Status register values:
INFO:iMPACT - 0011 1111 1001 1110 0000 1011 1000 0000 
INFO:iMPACT:2492 - '1': Completed downloading core to device.
'1': IDCODE is '13' (in hex).
'1': ID Check passed.
'1': IDCODE is '13' (in hex).
'1': ID Check passed.
'1': Erasing Device.
'1': Using Sector Erase.
'1': Programming Flash.
'1': Reading device contents...
Failed at address, 0
'1': Verification Terminated
INFO:iMPACT - '1': Flash was not programmed successfully.
PROGRESS_END - End Operation.
Elapsed time =     35 sec.
// *** BATCH CMD : assignFile -p 1 -file"Y:/work/omega/dragon/current/dragon_firmware/2012-10-06_20-54-56.128492.bit"
'1': Loading file'Y:/work/omega/dragon/current/dragon_firmware/2012-10-06_20-54-56.128492.bit'...
done.
INFO:iMPACT:2257 - Startup Clock has been changed to 'JtagClk' in the bitstream   stored in memory,
   but the original bitstream file remains unchanged.
UserID read from the bitstream file = 0.
INFO:iMPACT:501 - '1': Added Device xc5vlx20t successfully.
----------------------------------------------------------------------
INFO:iMPACT - File   Y:/work/omega/dragon/current/dragon_firmware/2012-10-06_20-54-56.128492.cfi   does not exist.
Selected part: M25P80
// *** BATCH CMD : attachflash -position 1 -spi "M25P80"
Unprotect sectors: FALSE
// *** BATCH CMD : assignfiletoattachedflash -position 1 -file"Y:/work/omega/dragon/current/dragon_firmware/2012-10-06_20-54-56.128492.mcs"
INFO:iMPACT - A CFI file is not detected. To ensure correct and safe   configuration,
    Please make sure a CFI file is present in the same directory as the PROM   file,
    or, regenerate the PROM file with the latest software.
INFO:iMPACT - Current time: 22.10.2012 0:14:59
// *** BATCH CMD : Program -p 1 -dataWidth 1 
PROGRESS_START - Starting Operation.
Maximum TCK operating frequency for this device chain: 33000000.
Validating chain...
Boundary-scan chain validated successfully.
1: Device Temperature: Current Reading: -273.00 C
1: VCCINT Supply: Current Reading:   0.000 V
1: VCCAUX Supply: Current Reading:   0.000 V
'1': Programming device...
 Match_cycle = NoWait.
Match cycle: NoWait
 LCK_cycle = NoWait.
LCK cycle: NoWait
done.
INFO:iMPACT:2219 - Status register values:
INFO:iMPACT - 0011 1110 1001 1110 0000 0011 1000 0000 
INFO:iMPACT:579 - '1': Completed downloading bit file to device.
INFO:iMPACT:188 - '1': Programming completed successfully.
 Match_cycle = NoWait.
Match cycle: NoWait
 LCK_cycle = NoWait.
LCK cycle: NoWait
INFO:iMPACT - '1': Checking done pin....done.
'1': Programmed successfully.
PROGRESS_END - End Operation.
Elapsed time =      2 sec.
INFO:iMPACT - Current time: 22.10.2012 0:15:16
// *** BATCH CMD : Program -p 1 -dataWidth 1 -spionly -e -v -loadfpga 
PROGRESS_START - Starting Operation.
Maximum TCK operating frequency for this device chain: 33000000.
Validating chain...
Boundary-scan chain validated successfully.
1: Device Temperature: Current Reading: -273.00 C
1: VCCINT Supply: Current Reading:   0.000 V
1: VCCAUX Supply: Current Reading:   0.000 V
'1': SPI access core not detected. SPI access core will be downloaded to thedevice to enable operations.
INFO:iMPACT - Downloading core file   C:/Xilinx/14.2/ISE_DS/ISE/virtex5/data/xc5vlx20t_spi.cor.
'1': Downloading core...
 Match_cycle = 0.
 LCK_cycle = NoWait.
LCK cycle: NoWait
done.
INFO:iMPACT:2219 - Status register values:
INFO:iMPACT - 0011 1111 1001 1110 0000 1011 1000 0000 
INFO:iMPACT:2492 - '1': Completed downloading core to device.
'1': IDCODE is '13' (in hex).
'1': ID Check passed.
'1': IDCODE is '13' (in hex).
'1': ID Check passed.
'1': Erasing Device.
'1': Using Sector Erase.
'1': Programming Flash.
'1': Reading device contents...
Failed at address, 0
'1': Verification Terminated
INFO:iMPACT - '1': Flash was not programmed successfully.
PROGRESS_END - End Operation.
Elapsed time =     34 sec.
Setting Target Device to Mode:BS, Device position 0.
INFO:iMPACT - File   Y:/work/omega/dragon/current/dragon_firmware/2012-10-06_20-54-56.128492.cfi   does not exist.
Selected part: M25P80
// *** BATCH CMD : attachflash -position 1 -spi "M25P80"
Unprotect sectors: FALSE
// *** BATCH CMD : assignfiletoattachedflash -position 1 -file"Y:/work/omega/dragon/current/dragon_firmware/2012-10-06_20-54-56.128492.mcs"
INFO:iMPACT - A CFI file is not detected. To ensure correct and safe   configuration,
    Please make sure a CFI file is present in the same directory as the PROM   file,
    or, regenerate the PROM file with the latest software.
// *** BATCH CMD : setMode -bs
// *** BATCH CMD : deleteDevice -position 1
// *** BATCH CMD : setMode -bs
// *** BATCH CMD : setMode -ss
// *** BATCH CMD : setMode -sm
// *** BATCH CMD : setMode -hw140
// *** BATCH CMD : setMode -spi
// *** BATCH CMD : setMode -acecf
// *** BATCH CMD : setMode -acempm
// *** BATCH CMD : setMode -pff
// *** BATCH CMD : loadProjectFile -file"Y:/work/omega/dragon/current/dragon_firmware/spiflash.ipf"
'1': Loading file'\\psf\home\work\omega\dragon\current\dragon_firmware\xilinx_pci_exp_ep.bit' ...
INFO:iMPACT - Elapsed time =      0 sec.
done.
INFO:iMPACT:501 - '1': Added Device xc5vlx20t successfully.
----------------------------------------------------------------------
'1': Added Device 1M successfully.
----------------------------------------------------------------------
Active mode is PFF
// *** BATCH CMD : setMode -bs
// *** BATCH CMD : setMode -ss
// *** BATCH CMD : setMode -sm
// *** BATCH CMD : setMode -hw140
// *** BATCH CMD : setMode -spi
// *** BATCH CMD : setMode -acecf
// *** BATCH CMD : setMode -acempm
// *** BATCH CMD : setMode -pff
// *** BATCH CMD : setCurrentDesign -version 0
// *** BATCH CMD : setMode -pff
// *** BATCH CMD : setCurrentDeviceChain -index 0
// *** BATCH CMD : setSubmode -pffspi
// *** BATCH CMD : setMode -pff
------------------------  GUI: Wizard Data Report  ---------------------------
      Compression : false
      Fill Value : FF
      Output Format : mcs
      Swap Bits : false
      LoadDirection : UP
      PROM Basename : dragon_spi
      File Location : Y:\work\omega\dragon\current\dragon_firmware\/
      Auto Select : false
      Number of Revisions : 1
      Number of PROMs : 1
      PROM Name : 1M   PROM Size : 1048576 bits
        ------ Revision: 0 '0', 1 device(s) chain -----
        Device 0, pn=xc5vlx20t   fn=xilinx_pci_exp_ep.bit
-------------------------- END of Report ----------------------------
// *** BATCH CMD : setMode -pff
// *** BATCH CMD : addPromDevice -p 2 -size 1024 -name 1M
'2': Added Device 1M successfully.
----------------------------------------------------------------------
// *** BATCH CMD : deletePromDevice -position 1
----------------------------------------------------------------------
INFO:iMPACT - Current time: 22.10.2012 0:17:33
// *** BATCH CMD : setMode -pff
// *** BATCH CMD : setSubmode -pffspi
Total configuration bit size = 6251200  bits.
Total configuration byte size = 781400 bytes.
// *** BATCH CMD : generate
0xbec58 (781400) bytes loaded up from 0x0
Using user-specified prom size of 1024K
Writing file"\\psf\home\work\omega\dragon\current\dragon_firmware\dragon_spi.mcs".
Writing file"\\psf\home\work\omega\dragon\current\dragon_firmware\dragon_spi.prm".
Writing file"\\psf\home\work\omega\dragon\current\dragon_firmware\dragon_spi.cfi".
// *** BATCH CMD : setCurrentDesign -version 0
// *** BATCH CMD : setMode -pff
// *** BATCH CMD : setMode -bs
// *** BATCH CMD : setMode -ss
// *** BATCH CMD : setMode -sm
// *** BATCH CMD : setMode -hw140
// *** BATCH CMD : setMode -spi
// *** BATCH CMD : setMode -acecf
// *** BATCH CMD : setMode -acempm
// *** BATCH CMD : setMode -pff
// *** BATCH CMD : saveProjectFile -file"Y:/work/omega/dragon/current/dragon_firmware/spiflash.ipf"
// *** BATCH CMD : setMode -bs
// *** BATCH CMD : setMode -ss
// *** BATCH CMD : setMode -sm
// *** BATCH CMD : setMode -hw140
// *** BATCH CMD : setMode -spi
// *** BATCH CMD : setMode -acecf
// *** BATCH CMD : setMode -acempm
// *** BATCH CMD : setMode -pff
// *** BATCH CMD : deletePromDevice -position 1
// *** BATCH CMD : setCurrentDesign -version 0
// *** BATCH CMD : deleteDevice -position 1
// *** BATCH CMD : deleteDesign -version 0
// *** BATCH CMD : setCurrentDesign -version -1
// *** BATCH CMD : loadProjectFile -file"Y:/work/omega/dragon/current/dragon_firmware/spiflash.ipf"
'1': Loading file'\\psf\home\work\omega\dragon\current\dragon_firmware/xilinx_pci_exp_ep.bit' ...
INFO:iMPACT - Elapsed time =      0 sec.
done.
INFO:iMPACT:501 - '1': Added Device xc5vlx20t successfully.
----------------------------------------------------------------------
'1': Added Device 1M successfully.
----------------------------------------------------------------------
Active mode is PFF
// *** BATCH CMD : setMode -bs
// *** BATCH CMD : setMode -ss
// *** BATCH CMD : setMode -sm
// *** BATCH CMD : setMode -hw140
// *** BATCH CMD : setMode -spi
// *** BATCH CMD : setMode -acecf
// *** BATCH CMD : setMode -acempm
// *** BATCH CMD : setMode -pff
// *** BATCH CMD : setCurrentDesign -version 0
// *** BATCH CMD : setMode -pff
// *** BATCH CMD : setCurrentDeviceChain -index 0
// *** BATCH CMD : setSubmode -pffspi
// *** BATCH CMD : setMode -pff
------------------------  GUI: Wizard Data Report  ---------------------------
      Compression : false
      Fill Value : FF
      Output Format : mcs
      Swap Bits : false
      LoadDirection : UP
      PROM Basename : dragon_spi
      File Location : Y:\work\omega\dragon\current\dragon_firmware\/
      Auto Select : false
      Number of Revisions : 1
      Number of PROMs : 1
      PROM Name : 1M   PROM Size : 1048576 bits
        ------ Revision: 0 '0', 1 device(s) chain -----
        Device 0, pn=xc5vlx20t   fn=xilinx_pci_exp_ep.bit
-------------------------- END of Report ----------------------------
// *** BATCH CMD : setMode -pff
// *** BATCH CMD : setMode -bs
// *** BATCH CMD : setMode -ss
// *** BATCH CMD : setMode -sm
// *** BATCH CMD : setMode -hw140
// *** BATCH CMD : setMode -spi
// *** BATCH CMD : setMode -acecf
// *** BATCH CMD : setMode -acempm
// *** BATCH CMD : setMode -pff
// *** BATCH CMD : saveProjectFile -file"Y:/work/omega/dragon/current/dragon_firmware/spiflash.ipf"
// *** BATCH CMD : setMode -bs
// *** BATCH CMD : setMode -ss
// *** BATCH CMD : setMode -sm
// *** BATCH CMD : setMode -hw140
// *** BATCH CMD : setMode -spi
// *** BATCH CMD : setMode -acecf
// *** BATCH CMD : setMode -acempm
// *** BATCH CMD : setMode -pff
// *** BATCH CMD : deletePromDevice -position 1
// *** BATCH CMD : setCurrentDesign -version 0
// *** BATCH CMD : deleteDevice -position 1
// *** BATCH CMD : deleteDesign -version 0
// *** BATCH CMD : setCurrentDesign -version -1
Welcome to iMPACT
iMPACT Version: 14.2
// *** BATCH CMD : setMode -bs
GUI --- Auto connect to cable...
// *** BATCH CMD : setCable -port auto
INFO:iMPACT - Digilent Plugin: Plugin Version: 2.2.10
INFO:iMPACT - Digilent Plugin: no JTAG device was found.
AutoDetecting cable. Please wait.
PROGRESS_START - Starting Operation.
Connecting to cable (Usb Port - USB21).
Checking cable driver.
 Driver file xusbdfwu.sys found.
 Driver version: src=1027, dest=1027.
 Driver windrvr6.sys version = 10.2.1.0. WinDriver v10.21 Jungo (c) 1997 - 2010 Build Date: Aug 31 2010 X86 32bit SYS14:35:41, version = 1021.
 Cable PID = 0008.
 Max current requested during enumeration is 280 mA.
Type = 0x0605.
 Cable Type = 3, Revision = 0.
 Setting cable speed to 6 MHz.
Cable connection established.
Firmware version = 1100.
File version of C:/Xilinx/14.2/ISE_DS/ISE/data/xusbdfwu.hex = 1100.
Firmware hex file version = 1100.
PLD file version = 0012h.
 PLD version = 0012h.
PROGRESS_END - End Operation.
Elapsed time =      0 sec.
Type = 0x0605.
ESN not available for this cable.
Attempting to identify devices in the boundary-scan chain configuration...
INFO:iMPACT - Current time: 22.10.2012 0:18:05
// *** BATCH CMD : Identify 
PROGRESS_START - Starting Operation.
Identifying chain contents...'0': : Manufacturer's ID = Xilinx xc5vlx20t, Version : 1
INFO:iMPACT:1777 - 
   Reading C:/Xilinx/14.2/ISE_DS/ISE/virtex5/data/xc5vlx20t.bsd...
INFO:iMPACT:501 - '1': Added Device xc5vlx20t successfully.
----------------------------------------------------------------------
done.
PROGRESS_END - End Operation.
Elapsed time =      0 sec.
// *** BATCH CMD : identifyMPM 
Selected part: M25P80
// *** BATCH CMD : attachflash -position 1 -spi "M25P80"
Unprotect sectors: FALSE
// *** BATCH CMD : assignfiletoattachedflash -position 1 -file"Y:/work/omega/dragon/current/dragon_firmware/dragon_spi.mcs"
INFO:iMPACT - Current time: 22.10.2012 0:18:31
// *** BATCH CMD : Program -p 1 -dataWidth 1 -spionly -e -v -loadfpga 
PROGRESS_START - Starting Operation.
Maximum TCK operating frequency for this device chain: 33000000.
Validating chain...
Boundary-scan chain validated successfully.
1: Device Temperature: Current Reading: -273.00 C
1: VCCINT Supply: Current Reading:   0.000 V
1: VCCAUX Supply: Current Reading:   0.000 V
'1': IDCODE is '13' (in hex).
'1': ID Check passed.
'1': IDCODE is '13' (in hex).
'1': ID Check passed.
'1': Erasing Device.
'1': Using Sector Erase.
'1': Programming Flash.
'1': Reading device contents...
Failed at address, 0
'1': Verification Terminated
INFO:iMPACT - '1': Flash was not programmed successfully.
PROGRESS_END - End Operation.
Elapsed time =     32 sec.
INFO:iMPACT - Current time: 22.10.2012 0:21:12
// *** BATCH CMD : Program -p 1 -dataWidth 1 -spionly -e -v -loadfpga 
PROGRESS_START - Starting Operation.
Maximum TCK operating frequency for this device chain: 33000000.
Validating chain...
Boundary-scan chain validated successfully.
1: Device Temperature: Current Reading: -273.00 C
1: VCCINT Supply: Current Reading:   0.000 V
1: VCCAUX Supply: Current Reading:   0.000 V
'1': SPI access core not detected. SPI access core will be downloaded to thedevice to enable operations.
INFO:iMPACT - Downloading core file   C:/Xilinx/14.2/ISE_DS/ISE/virtex5/data/xc5vlx20t_spi.cor.
'1': Downloading core...
 Match_cycle = 0.
 LCK_cycle = NoWait.
LCK cycle: NoWait
done.
INFO:iMPACT:2218 - Error shows in the status register, release done bit is NOT   1.
INFO:iMPACT:2219 - Status register values:
INFO:iMPACT - 0000 0000 0000 0000 0000 0000 0000 0000 
INFO:iMPACT:2492 - '1': Completed downloading core to device.
INFO:iMPACT - '1': Flash was not programmed successfully.
PROGRESS_END - End Operation.
Elapsed time =      9 sec.
INFO:iMPACT - Current time: 22.10.2012 0:21:37
// *** BATCH CMD : Erase -p 1 -spionly 
PROGRESS_START - Starting Operation.
Maximum TCK operating frequency for this device chain: 33000000.
Validating chain...
Boundary-scan chain validated successfully.
1: Device Temperature: Current Reading: -273.00 C
1: VCCINT Supply: Current Reading:   0.000 V
1: VCCAUX Supply: Current Reading:   0.000 V
'1': SPI access core not detected. SPI access core will be downloaded to thedevice to enable operations.
INFO:iMPACT - Downloading core file   C:/Xilinx/14.2/ISE_DS/ISE/virtex5/data/xc5vlx20t_spi.cor.
'1': Downloading core...
 Match_cycle = 0.
 LCK_cycle = NoWait.
LCK cycle: NoWait
done.
INFO:iMPACT:2219 - Status register values:
INFO:iMPACT - 0011 1111 1001 1110 0000 1011 1000 0000 
INFO:iMPACT:2492 - '1': Completed downloading core to device.
'1': IDCODE is '13' (in hex).
'1': ID Check passed.
'1': IDCODE is '13' (in hex).
'1': ID Check passed.
'1': IDCODE is '13' (in hex).
'1': ID Check passed.
'1': Erasing Device.
'1': Using Sector Erase.
ERROR:iMPACT:2525 - '1': Device has exceeded the allocated time.
PROGRESS_END - End Operation.
Elapsed time =     14 sec.
INFO:iMPACT - Current time: 22.10.2012 0:22:03
// *** BATCH CMD : Erase -p 1 -spionly 
Maximum TCK operating frequency for this device chain: 33000000.
Validating chain...
Boundary-scan chain validated successfully.
PROGRESS_START - Starting Operation.
1: Device Temperature: Current Reading: -273.00 C
1: VCCINT Supply: Current Reading:   0.000 V
1: VCCAUX Supply: Current Reading:   0.000 V
'1': SPI access core not detected. SPI access core will be downloaded to thedevice to enable operations.
INFO:iMPACT - Downloading core file   C:/Xilinx/14.2/ISE_DS/ISE/virtex5/data/xc5vlx20t_spi.cor.
'1': Downloading core...
 Match_cycle = 0.
 LCK_cycle = NoWait.
LCK cycle: NoWait
done.
INFO:iMPACT:2219 - Status register values:
INFO:iMPACT - 0011 1111 1001 1110 0000 1011 1000 0000 
INFO:iMPACT:2492 - '1': Completed downloading core to device.
'1': IDCODE is '13' (in hex).
'1': ID Check passed.
'1': IDCODE is '13' (in hex).
'1': ID Check passed.
'1': IDCODE is '13' (in hex).
'1': ID Check passed.
'1': Erasing Device.
'1': Using Sector Erase.
PROGRESS_END - End Operation.
Elapsed time =     12 sec.
INFO:iMPACT - Current time: 22.10.2012 0:22:50
// *** BATCH CMD : Erase -p 1 -spionly 
PROGRESS_START - Starting Operation.
Maximum TCK operating frequency for this device chain: 33000000.
Validating chain...
Boundary-scan chain validated successfully.
1: Device Temperature: Current Reading: -273.00 C
1: VCCINT Supply: Current Reading:   0.000 V
1: VCCAUX Supply: Current Reading:   0.000 V
'1': SPI access core not detected. SPI access core will be downloaded to thedevice to enable operations.
INFO:iMPACT - Downloading core file   C:/Xilinx/14.2/ISE_DS/ISE/virtex5/data/xc5vlx20t_spi.cor.
'1': Downloading core...
 Match_cycle = 0.
 LCK_cycle = NoWait.
LCK cycle: NoWait
done.
INFO:iMPACT:2219 - Status register values:
INFO:iMPACT - 0011 1111 1001 1110 0000 1011 1000 0000 
INFO:iMPACT:2492 - '1': Completed downloading core to device.
'1': IDCODE is '13' (in hex).
'1': ID Check passed.
'1': IDCODE is '13' (in hex).
'1': ID Check passed.
'1': IDCODE is '13' (in hex).
'1': ID Check passed.
'1': Erasing Device.
'1': Using Sector Erase.
PROGRESS_END - End Operation.
Elapsed time =     13 sec.
INFO:iMPACT - Current time: 22.10.2012 0:23:05
// *** BATCH CMD : Program -p 1 -dataWidth 1 -spionly -e -v -loadfpga 
PROGRESS_START - Starting Operation.
Maximum TCK operating frequency for this device chain: 33000000.
Validating chain...
Boundary-scan chain validated successfully.
1: Device Temperature: Current Reading: -273.00 C
1: VCCINT Supply: Current Reading:   0.000 V
1: VCCAUX Supply: Current Reading:   0.000 V
'1': SPI access core not detected. SPI access core will be downloaded to thedevice to enable operations.
INFO:iMPACT - Downloading core file   C:/Xilinx/14.2/ISE_DS/ISE/virtex5/data/xc5vlx20t_spi.cor.
'1': Downloading core...
 Match_cycle = 0.
 LCK_cycle = NoWait.
LCK cycle: NoWait
done.
INFO:iMPACT:2218 - Error shows in the status register, release done bit is NOT   1.
INFO:iMPACT:2219 - Status register values:
INFO:iMPACT - 0000 0000 0000 0000 0000 0000 0000 0000 
INFO:iMPACT:2492 - '1': Completed downloading core to device.
INFO:iMPACT - '1': Flash was not programmed successfully.
PROGRESS_END - End Operation.
Elapsed time =     13 sec.
INFO:iMPACT - Current time: 22.10.2012 0:23:23
// *** BATCH CMD : Program -p 1 -dataWidth 1 -spionly -e -v -loadfpga 
PROGRESS_START - Starting Operation.
Maximum TCK operating frequency for this device chain: 33000000.
Validating chain...
Boundary-scan chain validated successfully.
1: Device Temperature: Current Reading: -273.00 C
1: VCCINT Supply: Current Reading:   0.000 V
1: VCCAUX Supply: Current Reading:   0.000 V
'1': SPI access core not detected. SPI access core will be downloaded to thedevice to enable operations.
INFO:iMPACT - Downloading core file   C:/Xilinx/14.2/ISE_DS/ISE/virtex5/data/xc5vlx20t_spi.cor.
'1': Downloading core...
 Match_cycle = 0.
 LCK_cycle = NoWait.
LCK cycle: NoWait
done.
INFO:iMPACT:2219 - Status register values:
INFO:iMPACT - 0011 1111 1001 1110 0000 1011 1000 0000 
INFO:iMPACT:2492 - '1': Completed downloading core to device.
'1': IDCODE is '13' (in hex).
'1': ID Check passed.
'1': IDCODE is '13' (in hex).
'1': ID Check passed.
'1': Erasing Device.
'1': Using Sector Erase.
'1': Programming Flash.
'1': Reading device contents...
Failed at address, 0
'1': Verification Terminated
INFO:iMPACT - '1': Flash was not programmed successfully.
PROGRESS_END - End Operation.
Elapsed time =     34 sec.
INFO:iMPACT - Current time: 22.10.2012 0:24:17
// *** BATCH CMD : Erase -p 1 -spionly 
PROGRESS_START - Starting Operation.
Maximum TCK operating frequency for this device chain: 33000000.
Validating chain...
Boundary-scan chain validated successfully.
1: Device Temperature: Current Reading: -273.00 C
1: VCCINT Supply: Current Reading:   0.000 V
1: VCCAUX Supply: Current Reading:   0.000 V
'1': SPI access core not detected. SPI access core will be downloaded to thedevice to enable operations.
INFO:iMPACT - Downloading core file   C:/Xilinx/14.2/ISE_DS/ISE/virtex5/data/xc5vlx20t_spi.cor.
'1': Downloading core...
 Match_cycle = 0.
 LCK_cycle = NoWait.
LCK cycle: NoWait
done.
INFO:iMPACT:2219 - Status register values:
INFO:iMPACT - 0011 1111 1001 1110 0000 1010 1000 0000 
INFO:iMPACT:2492 - '1': Completed downloading core to device.
'1': IDCODE is '13' (in hex).
'1': ID Check passed.
'1': IDCODE is '13' (in hex).
'1': ID Check passed.
'1': IDCODE is '13' (in hex).
'1': ID Check passed.
'1': Erasing Device.
'1': Using Sector Erase.
PROGRESS_END - End Operation.
Elapsed time =     12 sec.
Cable is not connected.
// *** BATCH CMD : setMode -bs
// *** BATCH CMD : deleteDevice -position 1
// *** BATCH CMD : setMode -bs
// *** BATCH CMD : setMode -ss
// *** BATCH CMD : setMode -sm
// *** BATCH CMD : setMode -hw140
// *** BATCH CMD : setMode -spi
// *** BATCH CMD : setMode -acecf
// *** BATCH CMD : setMode -acempm
// *** BATCH CMD : setMode -pff
