SET_PARAMETER capability_version 1
SET_PARAMETER bar3_prefetchable false
SET_PARAMETER expansion_rom_scale Megabytes
SET_PARAMETER device_capabilities_register 00000FC0
SET_PARAMETER bar2_type Memory
SET_PARAMETER link_capabilities_register 0003F411
SET_PARAMETER class_code_value 050000
SET_PARAMETER d3_power_dissipated_factor 0
SET_PARAMETER d1_power_dissipated 0
SET_PARAMETER d3hot_pme_support false
SET_PARAMETER class_code_sub 00
SET_PARAMETER d3_power_consumed_factor 0
SET_PARAMETER expansion_rom_enabled true
SET_PARAMETER bar5_size 64
SET_PARAMETER d2_support false
SET_PARAMETER device_specific_initialization false
SET_PARAMETER bar0_size 2
SET_PARAMETER d1_support false
SET_PARAMETER vendor_id 10EE
SET_PARAMETER device_id 0007
SET_PARAMETER acceptable_l1_latency No_limit
SET_PARAMETER device_port_type PCI_Express_Endpoint_device
SET_PARAMETER bar1_prefetchable false
SET_PARAMETER bar3_type IO
SET_PARAMETER d0_pme_support false
SET_PARAMETER class_code_base 05
SET_PARAMETER acceptable_l0_latency No_limit
SET_PARAMETER d1_power_dissipated_factor 0
SET_PARAMETER expansion_rom_size 1
SET_PARAMETER expansion_rom_bar FFF00001
SET_PARAMETER bar5_prefetchable false
SET_PARAMETER d0_power_dissipated_factor 0
SET_PARAMETER tx_pre_emphasis 52
SET_PARAMETER bar2_prefetchable false
SET_PARAMETER advanced_flow_control_credit None
SET_PARAMETER d3_power_dissipated 0
SET_PARAMETER bar1_size 64
SET_PARAMETER max_payload_size 128_bytes
SET_PARAMETER d1_power_consumed 0
SET_PARAMETER bar4_type IO
SET_PARAMETER d3cold_pme_support false
SET_PARAMETER aux_max_current 0mA
SET_PARAMETER reference_freq 100
SET_PARAMETER trim_tlp_digest false
SET_PARAMETER component_name endpoint_blk_plus_v1_14
SET_PARAMETER d3_power_consumed 0
SET_PARAMETER bar5_scale Kilobytes
SET_PARAMETER bar5_enabled false
SET_PARAMETER enable_aspm_l1_support false
SET_PARAMETER bar4_enabled false
SET_PARAMETER bar4_scale Kilobytes
SET_PARAMETER d0_power_consumed_factor 0
SET_PARAMETER force_no_scrambling false
SET_PARAMETER bar3_enabled false
SET_PARAMETER bar5_value 00000000
SET_PARAMETER bar3_scale Kilobytes
SET_PARAMETER d1_pme_support false
SET_PARAMETER bar0_prefetchable false
SET_PARAMETER bar2_size 2
SET_PARAMETER bar2_enabled true
SET_PARAMETER bar4_value 00000000
SET_PARAMETER bar2_scale Kilobytes
SET_PARAMETER subsystem_id 0007
SET_PARAMETER msi 1_vector
SET_PARAMETER bar5_type IO
SET_PARAMETER bar1_enabled false
SET_PARAMETER maximum_link_width 1
SET_PARAMETER bar3_value 00000000
SET_PARAMETER bar1_scale Kilobytes
SET_PARAMETER bar4_prefetchable false
SET_PARAMETER bar0_type Memory
SET_PARAMETER d2_power_dissipated_factor 0
SET_PARAMETER bar0_enabled true
SET_PARAMETER bar4_64bit false
SET_PARAMETER bar2_value FFFFF800
SET_PARAMETER bar0_scale Kilobytes
SET_PARAMETER tx_diff_ctrl 800
SET_PARAMETER bar3_64bit false
SET_PARAMETER d2_power_dissipated 0
SET_PARAMETER bar1_value FFFFFFFF
SET_PARAMETER bar2_64bit false
SET_PARAMETER bar0_value FFFFF804
SET_PARAMETER bar3_size 64
SET_PARAMETER d2_power_consumed_factor 0
SET_PARAMETER bar1_64bit false
SET_PARAMETER interface_freq 62.5_default
SET_PARAMETER d0_power_dissipated 0
SET_PARAMETER bar0_64bit true
SET_PARAMETER revision_id 00
SET_PARAMETER bar1_type IO
SET_PARAMETER subsystem_vendor_id 10EE
SET_PARAMETER d1_power_consumed_factor 0
SET_PARAMETER d0_power_consumed 0
SET_PARAMETER capabilities_register 0001
SET_PARAMETER tx_diff_boost true
SET_PARAMETER class_code_interface 00
SET_PARAMETER enable_slot_clock_cfg true
SET_PARAMETER cardbus_cis_pointer 00000000
SET_PARAMETER d2_pme_support false
SET_PARAMETER gt_debug_ports false
SET_PARAMETER tx_buf_diff_ctrl 800
SET_PARAMETER maximum_link_speed 1
SET_PARAMETER d2_power_consumed 0
SET_PARAMETER lane_width X1
SET_PARAMETER bar4_size 64
SET_ERROR_CODE 2
SET_ERROR_MSG  CANCEL: Customization cancelled.
SET_ERROR_TEXT Finished initializing IP model.	
